#
# A fatal error has been detected by the Java Runtime Environment:
#
#  Internal Error (classFileParser.cpp:3375), pid=2792, tid=3077548912
#  Error: ShouldNotReachHere()
#
# JRE version: 6.0_20-b20
# Java VM: OpenJDK Server VM (19.0-b09 mixed mode linux-x86 )
# Derivative: IcedTea6 1.9.13
# Distribution: Ubuntu 10.04.1 LTS, package 6b20-1.9.13-0ubuntu1~10.04.1
# If you would like to submit a bug report, please include
# instructions how to reproduce the bug and visit:
#   https://bugs.launchpad.net/ubuntu/+source/openjdk-6/
#

---------------  T H R E A D  ---------------

Current thread (0x082c8400):  JavaThread "Unknown thread" [_thread_in_vm, id=2794, stack(0xb76aa000,0xb76fb000)]

Stack: [0xb76aa000,0xb76fb000],  sp=0xb76f9800,  free space=318k
Native frames: (J=compiled Java code, j=interpreted, Vv=VM code, C=native code)
V  [libjvm.so+0x649437]
V  [libjvm.so+0x649681]
V  [libjvm.so+0x291f0e]
V  [libjvm.so+0x291f89]
V  [libjvm.so+0x225556]
V  [libjvm.so+0x2287eb]
V  [libjvm.so+0x5e4159]
V  [libjvm.so+0x5e4b42]
V  [libjvm.so+0x5e4f24]
V  [libjvm.so+0x5e5f00]
V  [libjvm.so+0x5e5fba]
V  [libjvm.so+0x5e6045]
V  [libjvm.so+0x5e60a6]
V  [libjvm.so+0x5e6183]
V  [libjvm.so+0x5e6479]
V  [libjvm.so+0x62598f]
V  [libjvm.so+0x62639c]
V  [libjvm.so+0x358118]
V  [libjvm.so+0x61184c]
V  [libjvm.so+0x39182c]
C  [java+0x2558]  JavaMain+0x88
C  [libpthread.so.0+0x596e]


---------------  P R O C E S S  ---------------

Java Threads: ( => current thread )

Other Threads:

=>0x082c8400 (exited) JavaThread "Unknown thread" [_thread_in_vm, id=2794, stack(0xb76aa000,0xb76fb000)]

VM state:not at safepoint (not fully initialized)

VM Mutex/Monitor currently owned by a thread: None

Dynamic libraries:
00110000-00123000 r-xp 00000000 08:02 1573911    /lib/tls/i686/cmov/libnsl-2.11.1.so
00123000-00124000 r--p 00012000 08:02 1573911    /lib/tls/i686/cmov/libnsl-2.11.1.so
00124000-00125000 rw-p 00013000 08:02 1573911    /lib/tls/i686/cmov/libnsl-2.11.1.so
00125000-00127000 rw-p 00000000 00:00 0 
00127000-0012d000 r-xp 00000000 08:02 1573930    /lib/tls/i686/cmov/libnss_compat-2.11.1.so
0012d000-0012e000 r--p 00006000 08:02 1573930    /lib/tls/i686/cmov/libnss_compat-2.11.1.so
0012e000-0012f000 rw-p 00007000 08:02 1573930    /lib/tls/i686/cmov/libnss_compat-2.11.1.so
0012f000-00136000 r-xp 00000000 08:02 2757378    /usr/lib/jvm/java-6-openjdk/jre/lib/i386/libzip.so
00136000-00137000 r--p 00006000 08:02 2757378    /usr/lib/jvm/java-6-openjdk/jre/lib/i386/libzip.so
00137000-00138000 rw-p 00007000 08:02 2757378    /usr/lib/jvm/java-6-openjdk/jre/lib/i386/libzip.so
00195000-0019f000 r-xp 00000000 08:02 1573915    /lib/tls/i686/cmov/libnss_files-2.11.1.so
0019f000-001a0000 r--p 00009000 08:02 1573915    /lib/tls/i686/cmov/libnss_files-2.11.1.so
001a0000-001a1000 rw-p 0000a000 08:02 1573915    /lib/tls/i686/cmov/libnss_files-2.11.1.so
00282000-002a6000 r-xp 00000000 08:02 2757361    /usr/lib/jvm/java-6-openjdk/jre/lib/i386/libjava.so
002a6000-002a7000 r--p 00023000 08:02 2757361    /usr/lib/jvm/java-6-openjdk/jre/lib/i386/libjava.so
002a7000-002a9000 rw-p 00024000 08:02 2757361    /usr/lib/jvm/java-6-openjdk/jre/lib/i386/libjava.so
00632000-00645000 r-xp 00000000 08:02 1439174    /lib/libz.so.1.2.3.3
00645000-00646000 r--p 00012000 08:02 1439174    /lib/libz.so.1.2.3.3
00646000-00647000 rw-p 00013000 08:02 1439174    /lib/libz.so.1.2.3.3
0065e000-007b1000 r-xp 00000000 08:02 1573918    /lib/tls/i686/cmov/libc-2.11.1.so
007b1000-007b3000 r--p 00153000 08:02 1573918    /lib/tls/i686/cmov/libc-2.11.1.so
007b3000-007b4000 rw-p 00155000 08:02 1573918    /lib/tls/i686/cmov/libc-2.11.1.so
007b4000-007b7000 rw-p 00000000 00:00 0 
00835000-0083c000 r-xp 00000000 08:02 2757380    /usr/lib/jvm/java-6-openjdk/jre/lib/i386/native_threads/libhpi.so
0083c000-0083d000 r--p 00006000 08:02 2757380    /usr/lib/jvm/java-6-openjdk/jre/lib/i386/native_threads/libhpi.so
0083d000-0083e000 rw-p 00007000 08:02 2757380    /usr/lib/jvm/java-6-openjdk/jre/lib/i386/native_threads/libhpi.so
00a28000-00a29000 r-xp 00000000 00:00 0          [vdso]
00a30000-00a32000 r-xp 00000000 08:02 1573913    /lib/tls/i686/cmov/libdl-2.11.1.so
00a32000-00a33000 r--p 00001000 08:02 1573913    /lib/tls/i686/cmov/libdl-2.11.1.so
00a33000-00a34000 rw-p 00002000 08:02 1573913    /lib/tls/i686/cmov/libdl-2.11.1.so
00a89000-00aad000 r-xp 00000000 08:02 1573920    /lib/tls/i686/cmov/libm-2.11.1.so
00aad000-00aae000 r--p 00023000 08:02 1573920    /lib/tls/i686/cmov/libm-2.11.1.so
00aae000-00aaf000 rw-p 00024000 08:02 1573920    /lib/tls/i686/cmov/libm-2.11.1.so
00ac8000-00ad4000 r-xp 00000000 08:02 2757377    /usr/lib/jvm/java-6-openjdk/jre/lib/i386/libverify.so
00ad4000-00ad5000 r--p 0000b000 08:02 2757377    /usr/lib/jvm/java-6-openjdk/jre/lib/i386/libverify.so
00ad5000-00ad6000 rw-p 0000c000 08:02 2757377    /usr/lib/jvm/java-6-openjdk/jre/lib/i386/libverify.so
00b0b000-00b0e000 r-xp 00000000 08:02 2757349    /usr/lib/jvm/java-6-openjdk/jre/lib/i386/jli/libjli.so
00b0e000-00b0f000 r--p 00003000 08:02 2757349    /usr/lib/jvm/java-6-openjdk/jre/lib/i386/jli/libjli.so
00b0f000-00b10000 rw-p 00004000 08:02 2757349    /usr/lib/jvm/java-6-openjdk/jre/lib/i386/jli/libjli.so
00bd2000-00bda000 r-xp 00000000 08:02 1573931    /lib/tls/i686/cmov/libnss_nis-2.11.1.so
00bda000-00bdb000 r--p 00007000 08:02 1573931    /lib/tls/i686/cmov/libnss_nis-2.11.1.so
00bdb000-00bdc000 rw-p 00008000 08:02 1573931    /lib/tls/i686/cmov/libnss_nis-2.11.1.so
00bde000-00bf9000 r-xp 00000000 08:02 1446491    /lib/ld-2.11.1.so
00bf9000-00bfa000 r--p 0001a000 08:02 1446491    /lib/ld-2.11.1.so
00bfa000-00bfb000 rw-p 0001b000 08:02 1446491    /lib/ld-2.11.1.so
00c39000-00c40000 r-xp 00000000 08:02 1573923    /lib/tls/i686/cmov/librt-2.11.1.so
00c40000-00c41000 r--p 00006000 08:02 1573923    /lib/tls/i686/cmov/librt-2.11.1.so
00c41000-00c42000 rw-p 00007000 08:02 1573923    /lib/tls/i686/cmov/librt-2.11.1.so
00e64000-00e79000 r-xp 00000000 08:02 1573914    /lib/tls/i686/cmov/libpthread-2.11.1.so
00e79000-00e7a000 r--p 00014000 08:02 1573914    /lib/tls/i686/cmov/libpthread-2.11.1.so
00e7a000-00e7b000 rw-p 00015000 08:02 1573914    /lib/tls/i686/cmov/libpthread-2.11.1.so
00e7b000-00e7d000 rw-p 00000000 00:00 0 
00e7d000-01542000 r-xp 00000000 08:02 2757382    /usr/lib/jvm/java-6-openjdk/jre/lib/i386/server/libjvm.so
01542000-01543000 ---p 006c5000 08:02 2757382    /usr/lib/jvm/java-6-openjdk/jre/lib/i386/server/libjvm.so
01543000-01588000 r--p 006c5000 08:02 2757382    /usr/lib/jvm/java-6-openjdk/jre/lib/i386/server/libjvm.so
01588000-01597000 rw-p 0070a000 08:02 2757382    /usr/lib/jvm/java-6-openjdk/jre/lib/i386/server/libjvm.so
01597000-019b6000 rw-p 00000000 00:00 0 
08048000-08051000 r-xp 00000000 08:02 2757410    /usr/lib/jvm/java-6-openjdk/jre/bin/java
08051000-08052000 r--p 00008000 08:02 2757410    /usr/lib/jvm/java-6-openjdk/jre/bin/java
08052000-08053000 rw-p 00009000 08:02 2757410    /usr/lib/jvm/java-6-openjdk/jre/bin/java
082c2000-08331000 rw-p 00000000 00:00 0          [heap]
8c1f4000-8c2b2000 r--s 00fac000 08:05 930352     /home/wangliuyong/programs/android-sdk-linux/platforms/android-15/android.jar
8c2b2000-8c2b3000 ---p 00000000 00:00 0 
8c2b3000-8c333000 rw-p 00000000 00:00 0 
8c333000-8c334000 ---p 00000000 00:00 0 
8c334000-8c3bc000 rw-p 00000000 00:00 0 
8c3bc000-8c3f4000 rw-p 00000000 00:00 0 
8c3f4000-8c3ff000 rw-p 00000000 00:00 0 
8c3ff000-8c49f000 rw-p 00000000 00:00 0 
8c49f000-8c4a7000 rw-p 00000000 00:00 0 
8c4a7000-8c4df000 rw-p 00000000 00:00 0 
8c4df000-8c4ea000 rw-p 00000000 00:00 0 
8c4ea000-8c589000 rw-p 00000000 00:00 0 
8c589000-8c58f000 rw-p 00000000 00:00 0 
8c58f000-8c5df000 rw-p 00000000 00:00 0 
8c5df000-8d5e0000 rw-p 00000000 00:00 0 
8d5e0000-945e0000 rw-p 00000000 00:00 0 
945e0000-95ac0000 rw-p 00000000 00:00 0 
95ac0000-a9b40000 rw-p 00000000 00:00 0 
a9b40000-aa5b0000 rw-p 00000000 00:00 0 
aa5b0000-b45e0000 rw-p 00000000 00:00 0 
b45ea000-b45f3000 rw-p 00000000 00:00 0 
b45f3000-b46aa000 rw-p 00000000 00:00 0 
b46aa000-b48ea000 rwxp 00000000 00:00 0 
b48ea000-b76aa000 rw-p 00000000 00:00 0 
b76aa000-b76ad000 ---p 00000000 00:00 0 
b76ad000-b76fe000 rw-p 00000000 00:00 0 
b7707000-b770f000 rw-s 00000000 08:06 73         /tmp/hsperfdata_wangliuyong/2792
b770f000-b7710000 rw-p 00000000 00:00 0 
b7710000-b7711000 r--p 00000000 00:00 0 
b7711000-b7713000 rw-p 00000000 00:00 0 
bf91f000-bf934000 rw-p 00000000 00:00 0          [stack]

VM Arguments:
jvm_args: -Dfile.encoding=UTF-8 -Xbootclasspath:/home/wangliuyong/programs/android-sdk-linux/platforms/android-15/android.jar 
java_command: 
Launcher Type: SUN_STANDARD

Environment Variables:
PATH=/usr/local/sbin:/usr/local/bin:/usr/sbin:/usr/bin:/sbin:/bin:/usr/games:/home/wangliuyong/desktop/mywork/SDK/android-sdk-linux_86/tools:/home/wangliuyong/desktop/mywork/SDK/android-sdk-linux_86/platform-tools
USERNAME=wangliuyong
LD_LIBRARY_PATH=/usr/lib/jvm/java-6-openjdk/jre/lib/i386/server:/usr/lib/jvm/java-6-openjdk/jre/lib/i386:/usr/lib/jvm/java-6-openjdk/jre/../lib/i386:/usr/lib/jvm/java-6-openjdk/jre/lib/i386/client:/usr/lib/jvm/java-6-openjdk/jre/lib/i386:
SHELL=/bin/bash
DISPLAY=:0.0

Signal Handlers:
SIGSEGV: [libjvm.so+0x64a040], sa_mask[0]=0x7ffbfeff, sa_flags=0x10000004
SIGBUS: [libjvm.so+0x64a040], sa_mask[0]=0x7ffbfeff, sa_flags=0x10000004
SIGFPE: [libjvm.so+0x51c0d0], sa_mask[0]=0x7ffbfeff, sa_flags=0x10000004
SIGPIPE: [libjvm.so+0x51c0d0], sa_mask[0]=0x7ffbfeff, sa_flags=0x10000004
SIGXFSZ: [libjvm.so+0x51c0d0], sa_mask[0]=0x7ffbfeff, sa_flags=0x10000004
SIGILL: [libjvm.so+0x51c0d0], sa_mask[0]=0x7ffbfeff, sa_flags=0x10000004
SIGUSR1: SIG_DFL, sa_mask[0]=0x00000000, sa_flags=0x00000000
SIGUSR2: [libjvm.so+0x51b780], sa_mask[0]=0x00000004, sa_flags=0x10000004
SIGHUP: SIG_DFL, sa_mask[0]=0x00000000, sa_flags=0x00000000
SIGINT: SIG_DFL, sa_mask[0]=0x00000000, sa_flags=0x00000000
SIGTERM: SIG_DFL, sa_mask[0]=0x00000000, sa_flags=0x00000000
SIGQUIT: SIG_DFL, sa_mask[0]=0x00000000, sa_flags=0x00000000


---------------  S Y S T E M  ---------------

OS:Ubuntu 10.04 (lucid)
uname:Linux 2.6.32-41-generic #90-Ubuntu SMP Tue May 22 11:31:25 UTC 2012 i686
libc:glibc 2.11.1 NPTL 2.11.1 
rlimit: STACK 8192k, CORE 0k, NPROC infinity, NOFILE 1024, AS infinity
load average:2.07 1.76 1.31

/proc/meminfo:
MemTotal:        2052004 kB
MemFree:          539172 kB
Buffers:          190820 kB
Cached:           644500 kB
SwapCached:            0 kB
Active:           747008 kB
Inactive:         630932 kB
Active(anon):     547124 kB
Inactive(anon):    96592 kB
Active(file):     199884 kB
Inactive(file):   534340 kB
Unevictable:          16 kB
Mlocked:              16 kB
HighTotal:       1178044 kB
HighFree:           1736 kB
LowTotal:         873960 kB
LowFree:          537436 kB
SwapTotal:       3559416 kB
SwapFree:        3559416 kB
Dirty:               180 kB
Writeback:             0 kB
AnonPages:        542640 kB
Mapped:           124880 kB
Shmem:            101108 kB
Slab:              79512 kB
SReclaimable:      64932 kB
SUnreclaim:        14580 kB
KernelStack:        2560 kB
PageTables:         6464 kB
NFS_Unstable:          0 kB
Bounce:                0 kB
WritebackTmp:          0 kB
CommitLimit:     4585416 kB
Committed_AS:    1575704 kB
VmallocTotal:     122880 kB
VmallocUsed:       41528 kB
VmallocChunk:      37016 kB
HardwareCorrupted:     0 kB
HugePages_Total:       0
HugePages_Free:        0
HugePages_Rsvd:        0
HugePages_Surp:        0
Hugepagesize:       4096 kB
DirectMap4k:       16376 kB
DirectMap4M:      892928 kB


CPU:total 2 (2 cores per cpu, 1 threads per core) family 6 model 15 stepping 13, cmov, cx8, fxsr, mmx, sse, sse2, sse3, ssse3

Memory: 4k page, physical 2052004k(539172k free), swap 3559416k(3559416k free)

vm_info: OpenJDK Server VM (19.0-b09) for linux-x86 JRE (1.6.0_20-b20), built on Feb 17 2012 07:22:18 by "buildd" with gcc 4.4.3

time: Sun Dec 23 13:22:33 2012
elapsed time: 0 seconds

