#
# A fatal error has been detected by the Java Runtime Environment:
#
#  Internal Error (classFileParser.cpp:3375), pid=2807, tid=3077806960
#  Error: ShouldNotReachHere()
#
# JRE version: 6.0_20-b20
# Java VM: OpenJDK Server VM (19.0-b09 mixed mode linux-x86 )
# Derivative: IcedTea6 1.9.13
# Distribution: Ubuntu 10.04.1 LTS, package 6b20-1.9.13-0ubuntu1~10.04.1
# If you would like to submit a bug report, please include
# instructions how to reproduce the bug and visit:
#   https://bugs.launchpad.net/ubuntu/+source/openjdk-6/
#

---------------  T H R E A D  ---------------

Current thread (0x08a41400):  JavaThread "Unknown thread" [_thread_in_vm, id=2812, stack(0xb76e9000,0xb773a000)]

Stack: [0xb76e9000,0xb773a000],  sp=0xb7738800,  free space=318k
Native frames: (J=compiled Java code, j=interpreted, Vv=VM code, C=native code)
V  [libjvm.so+0x649437]
V  [libjvm.so+0x649681]
V  [libjvm.so+0x291f0e]
V  [libjvm.so+0x291f89]
V  [libjvm.so+0x225556]
V  [libjvm.so+0x2287eb]
V  [libjvm.so+0x5e4159]
V  [libjvm.so+0x5e4b42]
V  [libjvm.so+0x5e4f24]
V  [libjvm.so+0x5e5f00]
V  [libjvm.so+0x5e5fba]
V  [libjvm.so+0x5e6045]
V  [libjvm.so+0x5e60a6]
V  [libjvm.so+0x5e6183]
V  [libjvm.so+0x5e6479]
V  [libjvm.so+0x62598f]
V  [libjvm.so+0x62639c]
V  [libjvm.so+0x358118]
V  [libjvm.so+0x61184c]
V  [libjvm.so+0x39182c]
C  [java+0x2558]  JavaMain+0x88
C  [libpthread.so.0+0x596e]


---------------  P R O C E S S  ---------------

Java Threads: ( => current thread )

Other Threads:

=>0x08a41400 (exited) JavaThread "Unknown thread" [_thread_in_vm, id=2812, stack(0xb76e9000,0xb773a000)]

VM state:not at safepoint (not fully initialized)

VM Mutex/Monitor currently owned by a thread: None

Dynamic libraries:
00110000-00117000 r-xp 00000000 08:02 2757380    /usr/lib/jvm/java-6-openjdk/jre/lib/i386/native_threads/libhpi.so
00117000-00118000 r--p 00006000 08:02 2757380    /usr/lib/jvm/java-6-openjdk/jre/lib/i386/native_threads/libhpi.so
00118000-00119000 rw-p 00007000 08:02 2757380    /usr/lib/jvm/java-6-openjdk/jre/lib/i386/native_threads/libhpi.so
00135000-00141000 r-xp 00000000 08:02 2757377    /usr/lib/jvm/java-6-openjdk/jre/lib/i386/libverify.so
00141000-00142000 r--p 0000b000 08:02 2757377    /usr/lib/jvm/java-6-openjdk/jre/lib/i386/libverify.so
00142000-00143000 rw-p 0000c000 08:02 2757377    /usr/lib/jvm/java-6-openjdk/jre/lib/i386/libverify.so
001ff000-00202000 r-xp 00000000 08:02 2757349    /usr/lib/jvm/java-6-openjdk/jre/lib/i386/jli/libjli.so
00202000-00203000 r--p 00003000 08:02 2757349    /usr/lib/jvm/java-6-openjdk/jre/lib/i386/jli/libjli.so
00203000-00204000 rw-p 00004000 08:02 2757349    /usr/lib/jvm/java-6-openjdk/jre/lib/i386/jli/libjli.so
00291000-00298000 r-xp 00000000 08:02 1573923    /lib/tls/i686/cmov/librt-2.11.1.so
00298000-00299000 r--p 00006000 08:02 1573923    /lib/tls/i686/cmov/librt-2.11.1.so
00299000-0029a000 rw-p 00007000 08:02 1573923    /lib/tls/i686/cmov/librt-2.11.1.so
003be000-003c4000 r-xp 00000000 08:02 1573930    /lib/tls/i686/cmov/libnss_compat-2.11.1.so
003c4000-003c5000 r--p 00006000 08:02 1573930    /lib/tls/i686/cmov/libnss_compat-2.11.1.so
003c5000-003c6000 rw-p 00007000 08:02 1573930    /lib/tls/i686/cmov/libnss_compat-2.11.1.so
00597000-0059f000 r-xp 00000000 08:02 1573931    /lib/tls/i686/cmov/libnss_nis-2.11.1.so
0059f000-005a0000 r--p 00007000 08:02 1573931    /lib/tls/i686/cmov/libnss_nis-2.11.1.so
005a0000-005a1000 rw-p 00008000 08:02 1573931    /lib/tls/i686/cmov/libnss_nis-2.11.1.so
005a7000-005bc000 r-xp 00000000 08:02 1573914    /lib/tls/i686/cmov/libpthread-2.11.1.so
005bc000-005bd000 r--p 00014000 08:02 1573914    /lib/tls/i686/cmov/libpthread-2.11.1.so
005bd000-005be000 rw-p 00015000 08:02 1573914    /lib/tls/i686/cmov/libpthread-2.11.1.so
005be000-005c0000 rw-p 00000000 00:00 0 
005ce000-005cf000 r-xp 00000000 00:00 0          [vdso]
007ac000-008ff000 r-xp 00000000 08:02 1573918    /lib/tls/i686/cmov/libc-2.11.1.so
008ff000-00901000 r--p 00153000 08:02 1573918    /lib/tls/i686/cmov/libc-2.11.1.so
00901000-00902000 rw-p 00155000 08:02 1573918    /lib/tls/i686/cmov/libc-2.11.1.so
00902000-00905000 rw-p 00000000 00:00 0 
0095f000-00972000 r-xp 00000000 08:02 1439174    /lib/libz.so.1.2.3.3
00972000-00973000 r--p 00012000 08:02 1439174    /lib/libz.so.1.2.3.3
00973000-00974000 rw-p 00013000 08:02 1439174    /lib/libz.so.1.2.3.3
00999000-009ac000 r-xp 00000000 08:02 1573911    /lib/tls/i686/cmov/libnsl-2.11.1.so
009ac000-009ad000 r--p 00012000 08:02 1573911    /lib/tls/i686/cmov/libnsl-2.11.1.so
009ad000-009ae000 rw-p 00013000 08:02 1573911    /lib/tls/i686/cmov/libnsl-2.11.1.so
009ae000-009b0000 rw-p 00000000 00:00 0 
00c01000-00c0b000 r-xp 00000000 08:02 1573915    /lib/tls/i686/cmov/libnss_files-2.11.1.so
00c0b000-00c0c000 r--p 00009000 08:02 1573915    /lib/tls/i686/cmov/libnss_files-2.11.1.so
00c0c000-00c0d000 rw-p 0000a000 08:02 1573915    /lib/tls/i686/cmov/libnss_files-2.11.1.so
00dc7000-00deb000 r-xp 00000000 08:02 2757361    /usr/lib/jvm/java-6-openjdk/jre/lib/i386/libjava.so
00deb000-00dec000 r--p 00023000 08:02 2757361    /usr/lib/jvm/java-6-openjdk/jre/lib/i386/libjava.so
00dec000-00dee000 rw-p 00024000 08:02 2757361    /usr/lib/jvm/java-6-openjdk/jre/lib/i386/libjava.so
00e4a000-00e51000 r-xp 00000000 08:02 2757378    /usr/lib/jvm/java-6-openjdk/jre/lib/i386/libzip.so
00e51000-00e52000 r--p 00006000 08:02 2757378    /usr/lib/jvm/java-6-openjdk/jre/lib/i386/libzip.so
00e52000-00e53000 rw-p 00007000 08:02 2757378    /usr/lib/jvm/java-6-openjdk/jre/lib/i386/libzip.so
00e9d000-00ec1000 r-xp 00000000 08:02 1573920    /lib/tls/i686/cmov/libm-2.11.1.so
00ec1000-00ec2000 r--p 00023000 08:02 1573920    /lib/tls/i686/cmov/libm-2.11.1.so
00ec2000-00ec3000 rw-p 00024000 08:02 1573920    /lib/tls/i686/cmov/libm-2.11.1.so
00f1c000-00f37000 r-xp 00000000 08:02 1446491    /lib/ld-2.11.1.so
00f37000-00f38000 r--p 0001a000 08:02 1446491    /lib/ld-2.11.1.so
00f38000-00f39000 rw-p 0001b000 08:02 1446491    /lib/ld-2.11.1.so
00f63000-00f65000 r-xp 00000000 08:02 1573913    /lib/tls/i686/cmov/libdl-2.11.1.so
00f65000-00f66000 r--p 00001000 08:02 1573913    /lib/tls/i686/cmov/libdl-2.11.1.so
00f66000-00f67000 rw-p 00002000 08:02 1573913    /lib/tls/i686/cmov/libdl-2.11.1.so
00f67000-0162c000 r-xp 00000000 08:02 2757382    /usr/lib/jvm/java-6-openjdk/jre/lib/i386/server/libjvm.so
0162c000-0162d000 ---p 006c5000 08:02 2757382    /usr/lib/jvm/java-6-openjdk/jre/lib/i386/server/libjvm.so
0162d000-01672000 r--p 006c5000 08:02 2757382    /usr/lib/jvm/java-6-openjdk/jre/lib/i386/server/libjvm.so
01672000-01681000 rw-p 0070a000 08:02 2757382    /usr/lib/jvm/java-6-openjdk/jre/lib/i386/server/libjvm.so
01681000-01aa0000 rw-p 00000000 00:00 0 
08048000-08051000 r-xp 00000000 08:02 2757410    /usr/lib/jvm/java-6-openjdk/jre/bin/java
08051000-08052000 r--p 00008000 08:02 2757410    /usr/lib/jvm/java-6-openjdk/jre/bin/java
08052000-08053000 rw-p 00009000 08:02 2757410    /usr/lib/jvm/java-6-openjdk/jre/bin/java
08a3b000-08aaa000 rw-p 00000000 00:00 0          [heap]
8c234000-8c2f2000 r--s 00fac000 08:05 930352     /home/wangliuyong/programs/android-sdk-linux/platforms/android-15/android.jar
8c2f2000-8c2f3000 ---p 00000000 00:00 0 
8c2f3000-8c373000 rw-p 00000000 00:00 0 
8c373000-8c374000 ---p 00000000 00:00 0 
8c374000-8c3fc000 rw-p 00000000 00:00 0 
8c3fc000-8c434000 rw-p 00000000 00:00 0 
8c434000-8c43f000 rw-p 00000000 00:00 0 
8c43f000-8c4df000 rw-p 00000000 00:00 0 
8c4df000-8c4e7000 rw-p 00000000 00:00 0 
8c4e7000-8c51f000 rw-p 00000000 00:00 0 
8c51f000-8c52a000 rw-p 00000000 00:00 0 
8c52a000-8c5c9000 rw-p 00000000 00:00 0 
8c5c9000-8c5cf000 rw-p 00000000 00:00 0 
8c5cf000-8c61f000 rw-p 00000000 00:00 0 
8c61f000-8d620000 rw-p 00000000 00:00 0 
8d620000-94620000 rw-p 00000000 00:00 0 
94620000-95b00000 rw-p 00000000 00:00 0 
95b00000-a9b80000 rw-p 00000000 00:00 0 
a9b80000-aa5f0000 rw-p 00000000 00:00 0 
aa5f0000-b4620000 rw-p 00000000 00:00 0 
b4629000-b4632000 rw-p 00000000 00:00 0 
b4632000-b46e9000 rw-p 00000000 00:00 0 
b46e9000-b4929000 rwxp 00000000 00:00 0 
b4929000-b76e9000 rw-p 00000000 00:00 0 
b76e9000-b76ec000 ---p 00000000 00:00 0 
b76ec000-b773d000 rw-p 00000000 00:00 0 
b7746000-b774e000 rw-s 00000000 08:06 73         /tmp/hsperfdata_wangliuyong/2807
b774e000-b774f000 rw-p 00000000 00:00 0 
b774f000-b7750000 r--p 00000000 00:00 0 
b7750000-b7752000 rw-p 00000000 00:00 0 
bf811000-bf826000 rw-p 00000000 00:00 0          [stack]

VM Arguments:
jvm_args: -Dfile.encoding=UTF-8 -Xbootclasspath:/home/wangliuyong/programs/android-sdk-linux/platforms/android-15/android.jar 
java_command: 
Launcher Type: SUN_STANDARD

Environment Variables:
PATH=/usr/local/sbin:/usr/local/bin:/usr/sbin:/usr/bin:/sbin:/bin:/usr/games:/home/wangliuyong/desktop/mywork/SDK/android-sdk-linux_86/tools:/home/wangliuyong/desktop/mywork/SDK/android-sdk-linux_86/platform-tools
USERNAME=wangliuyong
LD_LIBRARY_PATH=/usr/lib/jvm/java-6-openjdk/jre/lib/i386/server:/usr/lib/jvm/java-6-openjdk/jre/lib/i386:/usr/lib/jvm/java-6-openjdk/jre/../lib/i386:/usr/lib/jvm/java-6-openjdk/jre/lib/i386/client:/usr/lib/jvm/java-6-openjdk/jre/lib/i386:
SHELL=/bin/bash
DISPLAY=:0.0

Signal Handlers:
SIGSEGV: [libjvm.so+0x64a040], sa_mask[0]=0x7ffbfeff, sa_flags=0x10000004
SIGBUS: [libjvm.so+0x64a040], sa_mask[0]=0x7ffbfeff, sa_flags=0x10000004
SIGFPE: [libjvm.so+0x51c0d0], sa_mask[0]=0x7ffbfeff, sa_flags=0x10000004
SIGPIPE: [libjvm.so+0x51c0d0], sa_mask[0]=0x7ffbfeff, sa_flags=0x10000004
SIGXFSZ: [libjvm.so+0x51c0d0], sa_mask[0]=0x7ffbfeff, sa_flags=0x10000004
SIGILL: [libjvm.so+0x51c0d0], sa_mask[0]=0x7ffbfeff, sa_flags=0x10000004
SIGUSR1: SIG_DFL, sa_mask[0]=0x00000000, sa_flags=0x00000000
SIGUSR2: [libjvm.so+0x51b780], sa_mask[0]=0x00000004, sa_flags=0x10000004
SIGHUP: SIG_DFL, sa_mask[0]=0x00000000, sa_flags=0x00000000
SIGINT: SIG_DFL, sa_mask[0]=0x00000000, sa_flags=0x00000000
SIGTERM: SIG_DFL, sa_mask[0]=0x00000000, sa_flags=0x00000000
SIGQUIT: SIG_DFL, sa_mask[0]=0x00000000, sa_flags=0x00000000


---------------  S Y S T E M  ---------------

OS:Ubuntu 10.04 (lucid)
uname:Linux 2.6.32-41-generic #90-Ubuntu SMP Tue May 22 11:31:25 UTC 2012 i686
libc:glibc 2.11.1 NPTL 2.11.1 
rlimit: STACK 8192k, CORE 0k, NPROC infinity, NOFILE 1024, AS infinity
load average:2.20 1.82 1.35

/proc/meminfo:
MemTotal:        2052004 kB
MemFree:          541732 kB
Buffers:          190860 kB
Cached:           640300 kB
SwapCached:            0 kB
Active:           751392 kB
Inactive:         624160 kB
Active(anon):     548964 kB
Inactive(anon):    92312 kB
Active(file):     202428 kB
Inactive(file):   531848 kB
Unevictable:          16 kB
Mlocked:              16 kB
HighTotal:       1178044 kB
HighFree:           2480 kB
LowTotal:         873960 kB
LowFree:          539252 kB
SwapTotal:       3559416 kB
SwapFree:        3559416 kB
Dirty:               184 kB
Writeback:             0 kB
AnonPages:        544496 kB
Mapped:           125440 kB
Shmem:             96896 kB
Slab:              79464 kB
SReclaimable:      64888 kB
SUnreclaim:        14576 kB
KernelStack:        2512 kB
PageTables:         6564 kB
NFS_Unstable:          0 kB
Bounce:                0 kB
WritebackTmp:          0 kB
CommitLimit:     4585416 kB
Committed_AS:    1574836 kB
VmallocTotal:     122880 kB
VmallocUsed:       41500 kB
VmallocChunk:      37016 kB
HardwareCorrupted:     0 kB
HugePages_Total:       0
HugePages_Free:        0
HugePages_Rsvd:        0
HugePages_Surp:        0
Hugepagesize:       4096 kB
DirectMap4k:       16376 kB
DirectMap4M:      892928 kB


CPU:total 2 (2 cores per cpu, 1 threads per core) family 6 model 15 stepping 13, cmov, cx8, fxsr, mmx, sse, sse2, sse3, ssse3

Memory: 4k page, physical 2052004k(541732k free), swap 3559416k(3559416k free)

vm_info: OpenJDK Server VM (19.0-b09) for linux-x86 JRE (1.6.0_20-b20), built on Feb 17 2012 07:22:18 by "buildd" with gcc 4.4.3

time: Sun Dec 23 13:23:04 2012
elapsed time: 0 seconds

