#
# A fatal error has been detected by the Java Runtime Environment:
#
#  Internal Error (classFileParser.cpp:3375), pid=2772, tid=3077618544
#  Error: ShouldNotReachHere()
#
# JRE version: 6.0_20-b20
# Java VM: OpenJDK Server VM (19.0-b09 mixed mode linux-x86 )
# Derivative: IcedTea6 1.9.13
# Distribution: Ubuntu 10.04.1 LTS, package 6b20-1.9.13-0ubuntu1~10.04.1
# If you would like to submit a bug report, please include
# instructions how to reproduce the bug and visit:
#   https://bugs.launchpad.net/ubuntu/+source/openjdk-6/
#

---------------  T H R E A D  ---------------

Current thread (0x08524400):  JavaThread "Unknown thread" [_thread_in_vm, id=2778, stack(0xb76bb000,0xb770c000)]

Stack: [0xb76bb000,0xb770c000],  sp=0xb770a800,  free space=318k
Native frames: (J=compiled Java code, j=interpreted, Vv=VM code, C=native code)
V  [libjvm.so+0x649437]
V  [libjvm.so+0x649681]
V  [libjvm.so+0x291f0e]
V  [libjvm.so+0x291f89]
V  [libjvm.so+0x225556]
V  [libjvm.so+0x2287eb]
V  [libjvm.so+0x5e4159]
V  [libjvm.so+0x5e4b42]
V  [libjvm.so+0x5e4f24]
V  [libjvm.so+0x5e5f00]
V  [libjvm.so+0x5e5fba]
V  [libjvm.so+0x5e6045]
V  [libjvm.so+0x5e60a6]
V  [libjvm.so+0x5e6183]
V  [libjvm.so+0x5e6479]
V  [libjvm.so+0x62598f]
V  [libjvm.so+0x62639c]
V  [libjvm.so+0x358118]
V  [libjvm.so+0x61184c]
V  [libjvm.so+0x39182c]
C  [java+0x2558]  JavaMain+0x88
C  [libpthread.so.0+0x596e]


---------------  P R O C E S S  ---------------

Java Threads: ( => current thread )

Other Threads:

=>0x08524400 (exited) JavaThread "Unknown thread" [_thread_in_vm, id=2778, stack(0xb76bb000,0xb770c000)]

VM state:not at safepoint (not fully initialized)

VM Mutex/Monitor currently owned by a thread: None

Dynamic libraries:
00110000-00263000 r-xp 00000000 08:02 1573918    /lib/tls/i686/cmov/libc-2.11.1.so
00263000-00265000 r--p 00153000 08:02 1573918    /lib/tls/i686/cmov/libc-2.11.1.so
00265000-00266000 rw-p 00155000 08:02 1573918    /lib/tls/i686/cmov/libc-2.11.1.so
00266000-00269000 rw-p 00000000 00:00 0 
00269000-0028d000 r-xp 00000000 08:02 2757361    /usr/lib/jvm/java-6-openjdk/jre/lib/i386/libjava.so
0028d000-0028e000 r--p 00023000 08:02 2757361    /usr/lib/jvm/java-6-openjdk/jre/lib/i386/libjava.so
0028e000-00290000 rw-p 00024000 08:02 2757361    /usr/lib/jvm/java-6-openjdk/jre/lib/i386/libjava.so
002f4000-002fb000 r-xp 00000000 08:02 1573923    /lib/tls/i686/cmov/librt-2.11.1.so
002fb000-002fc000 r--p 00006000 08:02 1573923    /lib/tls/i686/cmov/librt-2.11.1.so
002fc000-002fd000 rw-p 00007000 08:02 1573923    /lib/tls/i686/cmov/librt-2.11.1.so
00303000-00316000 r-xp 00000000 08:02 1439174    /lib/libz.so.1.2.3.3
00316000-00317000 r--p 00012000 08:02 1439174    /lib/libz.so.1.2.3.3
00317000-00318000 rw-p 00013000 08:02 1439174    /lib/libz.so.1.2.3.3
00418000-00420000 r-xp 00000000 08:02 1573931    /lib/tls/i686/cmov/libnss_nis-2.11.1.so
00420000-00421000 r--p 00007000 08:02 1573931    /lib/tls/i686/cmov/libnss_nis-2.11.1.so
00421000-00422000 rw-p 00008000 08:02 1573931    /lib/tls/i686/cmov/libnss_nis-2.11.1.so
00483000-00485000 r-xp 00000000 08:02 1573913    /lib/tls/i686/cmov/libdl-2.11.1.so
00485000-00486000 r--p 00001000 08:02 1573913    /lib/tls/i686/cmov/libdl-2.11.1.so
00486000-00487000 rw-p 00002000 08:02 1573913    /lib/tls/i686/cmov/libdl-2.11.1.so
00506000-0050d000 r-xp 00000000 08:02 2757380    /usr/lib/jvm/java-6-openjdk/jre/lib/i386/native_threads/libhpi.so
0050d000-0050e000 r--p 00006000 08:02 2757380    /usr/lib/jvm/java-6-openjdk/jre/lib/i386/native_threads/libhpi.so
0050e000-0050f000 rw-p 00007000 08:02 2757380    /usr/lib/jvm/java-6-openjdk/jre/lib/i386/native_threads/libhpi.so
0064a000-0066e000 r-xp 00000000 08:02 1573920    /lib/tls/i686/cmov/libm-2.11.1.so
0066e000-0066f000 r--p 00023000 08:02 1573920    /lib/tls/i686/cmov/libm-2.11.1.so
0066f000-00670000 rw-p 00024000 08:02 1573920    /lib/tls/i686/cmov/libm-2.11.1.so
006af000-006c2000 r-xp 00000000 08:02 1573911    /lib/tls/i686/cmov/libnsl-2.11.1.so
006c2000-006c3000 r--p 00012000 08:02 1573911    /lib/tls/i686/cmov/libnsl-2.11.1.so
006c3000-006c4000 rw-p 00013000 08:02 1573911    /lib/tls/i686/cmov/libnsl-2.11.1.so
006c4000-006c6000 rw-p 00000000 00:00 0 
0081d000-00829000 r-xp 00000000 08:02 2757377    /usr/lib/jvm/java-6-openjdk/jre/lib/i386/libverify.so
00829000-0082a000 r--p 0000b000 08:02 2757377    /usr/lib/jvm/java-6-openjdk/jre/lib/i386/libverify.so
0082a000-0082b000 rw-p 0000c000 08:02 2757377    /usr/lib/jvm/java-6-openjdk/jre/lib/i386/libverify.so
00a8b000-00a8e000 r-xp 00000000 08:02 2757349    /usr/lib/jvm/java-6-openjdk/jre/lib/i386/jli/libjli.so
00a8e000-00a8f000 r--p 00003000 08:02 2757349    /usr/lib/jvm/java-6-openjdk/jre/lib/i386/jli/libjli.so
00a8f000-00a90000 rw-p 00004000 08:02 2757349    /usr/lib/jvm/java-6-openjdk/jre/lib/i386/jli/libjli.so
00bc7000-00bce000 r-xp 00000000 08:02 2757378    /usr/lib/jvm/java-6-openjdk/jre/lib/i386/libzip.so
00bce000-00bcf000 r--p 00006000 08:02 2757378    /usr/lib/jvm/java-6-openjdk/jre/lib/i386/libzip.so
00bcf000-00bd0000 rw-p 00007000 08:02 2757378    /usr/lib/jvm/java-6-openjdk/jre/lib/i386/libzip.so
00be2000-00be3000 r-xp 00000000 00:00 0          [vdso]
00c06000-00c21000 r-xp 00000000 08:02 1446491    /lib/ld-2.11.1.so
00c21000-00c22000 r--p 0001a000 08:02 1446491    /lib/ld-2.11.1.so
00c22000-00c23000 rw-p 0001b000 08:02 1446491    /lib/ld-2.11.1.so
00d00000-00d06000 r-xp 00000000 08:02 1573930    /lib/tls/i686/cmov/libnss_compat-2.11.1.so
00d06000-00d07000 r--p 00006000 08:02 1573930    /lib/tls/i686/cmov/libnss_compat-2.11.1.so
00d07000-00d08000 rw-p 00007000 08:02 1573930    /lib/tls/i686/cmov/libnss_compat-2.11.1.so
00e57000-00e61000 r-xp 00000000 08:02 1573915    /lib/tls/i686/cmov/libnss_files-2.11.1.so
00e61000-00e62000 r--p 00009000 08:02 1573915    /lib/tls/i686/cmov/libnss_files-2.11.1.so
00e62000-00e63000 rw-p 0000a000 08:02 1573915    /lib/tls/i686/cmov/libnss_files-2.11.1.so
00fd6000-00feb000 r-xp 00000000 08:02 1573914    /lib/tls/i686/cmov/libpthread-2.11.1.so
00feb000-00fec000 r--p 00014000 08:02 1573914    /lib/tls/i686/cmov/libpthread-2.11.1.so
00fec000-00fed000 rw-p 00015000 08:02 1573914    /lib/tls/i686/cmov/libpthread-2.11.1.so
00fed000-00fef000 rw-p 00000000 00:00 0 
00fef000-016b4000 r-xp 00000000 08:02 2757382    /usr/lib/jvm/java-6-openjdk/jre/lib/i386/server/libjvm.so
016b4000-016b5000 ---p 006c5000 08:02 2757382    /usr/lib/jvm/java-6-openjdk/jre/lib/i386/server/libjvm.so
016b5000-016fa000 r--p 006c5000 08:02 2757382    /usr/lib/jvm/java-6-openjdk/jre/lib/i386/server/libjvm.so
016fa000-01709000 rw-p 0070a000 08:02 2757382    /usr/lib/jvm/java-6-openjdk/jre/lib/i386/server/libjvm.so
01709000-01b28000 rw-p 00000000 00:00 0 
08048000-08051000 r-xp 00000000 08:02 2757410    /usr/lib/jvm/java-6-openjdk/jre/bin/java
08051000-08052000 r--p 00008000 08:02 2757410    /usr/lib/jvm/java-6-openjdk/jre/bin/java
08052000-08053000 rw-p 00009000 08:02 2757410    /usr/lib/jvm/java-6-openjdk/jre/bin/java
0851e000-0858d000 rw-p 00000000 00:00 0          [heap]
8c204000-8c2c2000 r--s 00fac000 08:05 930352     /home/wangliuyong/programs/android-sdk-linux/platforms/android-15/android.jar
8c2c2000-8c2c3000 ---p 00000000 00:00 0 
8c2c3000-8c343000 rw-p 00000000 00:00 0 
8c343000-8c344000 ---p 00000000 00:00 0 
8c344000-8c3cc000 rw-p 00000000 00:00 0 
8c3cc000-8c404000 rw-p 00000000 00:00 0 
8c404000-8c40f000 rw-p 00000000 00:00 0 
8c40f000-8c4af000 rw-p 00000000 00:00 0 
8c4af000-8c4b7000 rw-p 00000000 00:00 0 
8c4b7000-8c4ef000 rw-p 00000000 00:00 0 
8c4ef000-8c4fa000 rw-p 00000000 00:00 0 
8c4fa000-8c599000 rw-p 00000000 00:00 0 
8c599000-8c59f000 rw-p 00000000 00:00 0 
8c59f000-8c5ef000 rw-p 00000000 00:00 0 
8c5ef000-8d5f0000 rw-p 00000000 00:00 0 
8d5f0000-945f0000 rw-p 00000000 00:00 0 
945f0000-95ad0000 rw-p 00000000 00:00 0 
95ad0000-a9b50000 rw-p 00000000 00:00 0 
a9b50000-aa5c0000 rw-p 00000000 00:00 0 
aa5c0000-b45f0000 rw-p 00000000 00:00 0 
b45fb000-b4604000 rw-p 00000000 00:00 0 
b4604000-b46bb000 rw-p 00000000 00:00 0 
b46bb000-b48fb000 rwxp 00000000 00:00 0 
b48fb000-b76bb000 rw-p 00000000 00:00 0 
b76bb000-b76be000 ---p 00000000 00:00 0 
b76be000-b770f000 rw-p 00000000 00:00 0 
b7718000-b7720000 rw-s 00000000 08:06 73         /tmp/hsperfdata_wangliuyong/2772
b7720000-b7721000 rw-p 00000000 00:00 0 
b7721000-b7722000 r--p 00000000 00:00 0 
b7722000-b7724000 rw-p 00000000 00:00 0 
bff7c000-bff91000 rw-p 00000000 00:00 0          [stack]

VM Arguments:
jvm_args: -Dfile.encoding=UTF-8 -Xbootclasspath:/home/wangliuyong/programs/android-sdk-linux/platforms/android-15/android.jar 
java_command: 
Launcher Type: SUN_STANDARD

Environment Variables:
PATH=/usr/local/sbin:/usr/local/bin:/usr/sbin:/usr/bin:/sbin:/bin:/usr/games:/home/wangliuyong/desktop/mywork/SDK/android-sdk-linux_86/tools:/home/wangliuyong/desktop/mywork/SDK/android-sdk-linux_86/platform-tools
USERNAME=wangliuyong
LD_LIBRARY_PATH=/usr/lib/jvm/java-6-openjdk/jre/lib/i386/server:/usr/lib/jvm/java-6-openjdk/jre/lib/i386:/usr/lib/jvm/java-6-openjdk/jre/../lib/i386:/usr/lib/jvm/java-6-openjdk/jre/lib/i386/client:/usr/lib/jvm/java-6-openjdk/jre/lib/i386:
SHELL=/bin/bash
DISPLAY=:0.0

Signal Handlers:
SIGSEGV: [libjvm.so+0x64a040], sa_mask[0]=0x7ffbfeff, sa_flags=0x10000004
SIGBUS: [libjvm.so+0x64a040], sa_mask[0]=0x7ffbfeff, sa_flags=0x10000004
SIGFPE: [libjvm.so+0x51c0d0], sa_mask[0]=0x7ffbfeff, sa_flags=0x10000004
SIGPIPE: [libjvm.so+0x51c0d0], sa_mask[0]=0x7ffbfeff, sa_flags=0x10000004
SIGXFSZ: [libjvm.so+0x51c0d0], sa_mask[0]=0x7ffbfeff, sa_flags=0x10000004
SIGILL: [libjvm.so+0x51c0d0], sa_mask[0]=0x7ffbfeff, sa_flags=0x10000004
SIGUSR1: SIG_DFL, sa_mask[0]=0x00000000, sa_flags=0x00000000
SIGUSR2: [libjvm.so+0x51b780], sa_mask[0]=0x00000004, sa_flags=0x10000004
SIGHUP: SIG_DFL, sa_mask[0]=0x00000000, sa_flags=0x00000000
SIGINT: SIG_DFL, sa_mask[0]=0x00000000, sa_flags=0x00000000
SIGTERM: SIG_DFL, sa_mask[0]=0x00000000, sa_flags=0x00000000
SIGQUIT: SIG_DFL, sa_mask[0]=0x00000000, sa_flags=0x00000000


---------------  S Y S T E M  ---------------

OS:Ubuntu 10.04 (lucid)
uname:Linux 2.6.32-41-generic #90-Ubuntu SMP Tue May 22 11:31:25 UTC 2012 i686
libc:glibc 2.11.1 NPTL 2.11.1 
rlimit: STACK 8192k, CORE 0k, NPROC infinity, NOFILE 1024, AS infinity
load average:2.16 1.77 1.32

/proc/meminfo:
MemTotal:        2052004 kB
MemFree:          537144 kB
Buffers:          190752 kB
Cached:           648208 kB
SwapCached:            0 kB
Active:           746128 kB
Inactive:         634748 kB
Active(anon):     546396 kB
Inactive(anon):   100436 kB
Active(file):     199732 kB
Inactive(file):   534312 kB
Unevictable:          16 kB
Mlocked:              16 kB
HighTotal:       1178044 kB
HighFree:           1736 kB
LowTotal:         873960 kB
LowFree:          535408 kB
SwapTotal:       3559416 kB
SwapFree:        3559416 kB
Dirty:               136 kB
Writeback:             0 kB
AnonPages:        541816 kB
Mapped:           124840 kB
Shmem:            104952 kB
Slab:              79468 kB
SReclaimable:      64912 kB
SUnreclaim:        14556 kB
KernelStack:        2512 kB
PageTables:         6440 kB
NFS_Unstable:          0 kB
Bounce:                0 kB
WritebackTmp:          0 kB
CommitLimit:     4585416 kB
Committed_AS:    1579424 kB
VmallocTotal:     122880 kB
VmallocUsed:       41500 kB
VmallocChunk:      37016 kB
HardwareCorrupted:     0 kB
HugePages_Total:       0
HugePages_Free:        0
HugePages_Rsvd:        0
HugePages_Surp:        0
Hugepagesize:       4096 kB
DirectMap4k:       16376 kB
DirectMap4M:      892928 kB


CPU:total 2 (2 cores per cpu, 1 threads per core) family 6 model 15 stepping 13, cmov, cx8, fxsr, mmx, sse, sse2, sse3, ssse3

Memory: 4k page, physical 2052004k(537144k free), swap 3559416k(3559416k free)

vm_info: OpenJDK Server VM (19.0-b09) for linux-x86 JRE (1.6.0_20-b20), built on Feb 17 2012 07:22:18 by "buildd" with gcc 4.4.3

time: Sun Dec 23 13:22:26 2012
elapsed time: 0 seconds

